#
# There is insufficient memory for the Java Runtime Environment to continue.
# Native memory allocation (malloc) failed to allocate 754496 bytes for Chunk::new
# Possible reasons:
#   The system is out of physical RAM or swap space
#   The process is running with CompressedOops enabled, and the Java Heap may be blocking the growth of the native heap
# Possible solutions:
#   Reduce memory load on the system
#   Increase physical memory or swap space
#   Check if swap backing store is full
#   Decrease Java heap size (-Xmx/-Xms)
#   Decrease number of Java threads
#   Decrease Java thread stack sizes (-Xss)
#   Set larger code cache with -XX:ReservedCodeCacheSize=
#   JVM is running with Unscaled Compressed Oops mode in which the Java heap is
#     placed in the first 4GB address space. The Java Heap base address is the
#     maximum limit for the native heap growth. Please use -XX:HeapBaseMinAddress
#     to set the Java Heap base and to place the Java Heap above 4GB virtual address.
# This output file may be truncated or incomplete.
#
#  Out of Memory Error (allocation.cpp:389), pid=14512, tid=0x00000000000054c8
#
# JRE version: OpenJDK Runtime Environment (8.0_242-b01) (build 1.8.0_242-release-1644-b01)
# Java VM: OpenJDK 64-Bit Server VM (25.242-b01 mixed mode windows-amd64 compressed oops)
# Failed to write core dump. Minidumps are not enabled by default on client versions of Windows
#

---------------  T H R E A D  ---------------

Current thread (0x00000000186b7800):  JavaThread "C2 CompilerThread1" daemon [_thread_in_native, id=21704, stack(0x0000000019130000,0x0000000019230000)]

Stack: [0x0000000019130000,0x0000000019230000]
[error occurred during error reporting (printing stack bounds), id 0xc0000005]

Native frames: (J=compiled Java code, j=interpreted, Vv=VM code, C=native code)


Current CompileTask:
C2:  13898 1507   !   4       java.net.URLClassLoader$1::run (63 bytes)


---------------  P R O C E S S  ---------------

Java Threads: ( => current thread )
  0x000000001a516000 JavaThread "Cache worker for file hash cache (C:\Users\osunday\.gradle\caches\6.1.1\fileHashes)" [_thread_blocked, id=22964, stack(0x000000001d310000,0x000000001d410000)]
  0x000000001a51c800 JavaThread "File lock request listener" [_thread_in_native, id=16496, stack(0x000000001d210000,0x000000001d310000)]
  0x0000000018982000 JavaThread "Cache worker for journal cache (C:\Users\osunday\.gradle\caches\journal-1)" [_thread_blocked, id=6004, stack(0x000000001d110000,0x000000001d210000)]
  0x000000001a0a7000 JavaThread "Thread-9" [_thread_blocked, id=17604, stack(0x000000001ce10000,0x000000001cf10000)]
  0x000000001a0a4000 JavaThread "Stdin handler" [_thread_blocked, id=732, stack(0x000000001cd10000,0x000000001ce10000)]
  0x000000001a08f000 JavaThread "Asynchronous log dispatcher for DefaultDaemonConnection: socket connection from /127.0.0.1:55161 to /127.0.0.1:55162" [_thread_blocked, id=23312, stack(0x000000001ca10000,0x000000001cb10000)]
  0x000000001a08c000 JavaThread "Daemon worker" [_thread_in_vm, id=23244, stack(0x000000001c910000,0x000000001ca10000)]
  0x000000001a087800 JavaThread "Cancel handler" [_thread_blocked, id=21132, stack(0x000000001c810000,0x000000001c910000)]
  0x0000000019f81000 JavaThread "Handler for socket connection from /127.0.0.1:55161 to /127.0.0.1:55162" [_thread_in_native, id=2464, stack(0x000000001c510000,0x000000001c610000)]
  0x00000000188fb000 JavaThread "Daemon" [_thread_blocked, id=17212, stack(0x000000001c410000,0x000000001c510000)]
  0x000000001a6c6000 JavaThread "Daemon periodic checks" [_thread_blocked, id=19996, stack(0x000000001c310000,0x000000001c410000)]
  0x0000000019f94000 JavaThread "Incoming local TCP Connector on port 55161" [_thread_in_native, id=18096, stack(0x000000001c0d0000,0x000000001c1d0000)]
  0x000000001b005800 JavaThread "Daemon health stats" [_thread_blocked, id=24108, stack(0x000000001bdd0000,0x000000001bed0000)]
  0x0000000018751000 JavaThread "Service Thread" daemon [_thread_blocked, id=3268, stack(0x0000000019430000,0x0000000019530000)]
  0x00000000186be000 JavaThread "C1 CompilerThread3" daemon [_thread_blocked, id=10700, stack(0x0000000019330000,0x0000000019430000)]
  0x00000000186ba000 JavaThread "C2 CompilerThread2" daemon [_thread_blocked, id=6332, stack(0x0000000019230000,0x0000000019330000)]
=>0x00000000186b7800 JavaThread "C2 CompilerThread1" daemon [_thread_in_native, id=21704, stack(0x0000000019130000,0x0000000019230000)]
  0x00000000168be800 JavaThread "C2 CompilerThread0" daemon [_thread_in_native, id=15124, stack(0x0000000019030000,0x0000000019130000)]
  0x00000000186b4800 JavaThread "Attach Listener" daemon [_thread_blocked, id=17892, stack(0x0000000018f30000,0x0000000019030000)]
  0x00000000186b3800 JavaThread "Signal Dispatcher" daemon [_thread_blocked, id=16684, stack(0x0000000018e30000,0x0000000018f30000)]
  0x00000000186a0800 JavaThread "Finalizer" daemon [_thread_blocked, id=24388, stack(0x0000000018b80000,0x0000000018c80000)]
  0x0000000002ae8000 JavaThread "Reference Handler" daemon [_thread_blocked, id=16388, stack(0x0000000018a80000,0x0000000018b80000)]
  0x00000000029ce800 JavaThread "main" [_thread_blocked, id=22756, stack(0x00000000028a0000,0x00000000029a0000)]

Other Threads:
  0x00000000168a6000 VMThread [stack: 0x0000000018580000,0x0000000018680000] [id=492]
  0x0000000018751800 WatcherThread [stack: 0x0000000019530000,0x0000000019630000] [id=18448]

VM state:not at safepoint (normal execution)

VM Mutex/Monitor currently owned by a thread: None

heap address: 0x00000000a0000000, size: 1536 MB, Compressed Oops mode: 32-bit
Narrow klass base: 0x0000000000000000, Narrow klass shift: 3
Compressed class space size: 1073741824 Address: 0x0000000100000000

Heap:
 PSYoungGen      total 38400K, used 19765K [0x00000000e0000000, 0x00000000e2a80000, 0x0000000100000000)
  eden space 33280K, 44% used [0x00000000e0000000,0x00000000e0e4d7d0,0x00000000e2080000)
  from space 5120K, 99% used [0x00000000e2580000,0x00000000e2a7fc40,0x00000000e2a80000)
  to   space 5120K, 0% used [0x00000000e2080000,0x00000000e2080000,0x00000000e2580000)
 ParOldGen       total 87552K, used 3943K [0x00000000a0000000, 0x00000000a5580000, 0x00000000e0000000)
  object space 87552K, 4% used [0x00000000a0000000,0x00000000a03d9fa8,0x00000000a5580000)
 Metaspace       used 15946K, capacity 16344K, committed 16512K, reserved 1062912K
  class space    used 2170K, capacity 2340K, committed 2432K, reserved 1048576K

Card table byte_map: [0x0000000011eb0000,0x00000000121c0000] byte_map_base: 0x00000000119b0000

Marking Bits: (ParMarkBitMap*) 0x000000006bccf030
 Begin Bits: [0x0000000012bc0000, 0x00000000143c0000)
 End Bits:   [0x00000000143c0000, 0x0000000015bc0000)

Polling page: 0x0000000000c30000

CodeCache: size=245760Kb used=5311Kb max_used=5311Kb free=240448Kb
 bounds [0x0000000002af0000, 0x0000000003030000, 0x0000000011af0000]
 total_blobs=1873 nmethods=1480 adapters=306
 compilation: enabled

Compilation events (10 events):
Event: 13.788 Thread 0x00000000186be000 1516       3       org.gradle.internal.service.DefaultServiceRegistry::find (142 bytes)
Event: 13.788 Thread 0x00000000186be000 nmethod 1516 0x000000000301ef10 code [0x000000000301f260, 0x0000000003020dd8]
Event: 13.788 Thread 0x00000000186be000 1515       1       java.util.Collections$EmptyList::isEmpty (2 bytes)
Event: 13.788 Thread 0x00000000186be000 nmethod 1515 0x0000000003017d10 code [0x0000000003017e60, 0x0000000003017f70]
Event: 13.791 Thread 0x00000000186be000 1517       3       sun.reflect.ReflectionFactory::inflationThreshold (4 bytes)
Event: 13.791 Thread 0x00000000186be000 nmethod 1517 0x0000000003017a10 code [0x0000000003017b60, 0x0000000003017c90]
Event: 13.792 Thread 0x00000000186be000 1518       3       org.gradle.internal.service.DefaultServiceRegistry$SingletonService::getService (18 bytes)
Event: 13.792 Thread 0x00000000186be000 nmethod 1518 0x0000000003021e50 code [0x0000000003021fe0, 0x0000000003022258]
Event: 13.792 Thread 0x00000000186be000 1519       3       org.gradle.internal.service.DefaultServiceRegistry::access$1200 (6 bytes)
Event: 13.792 Thread 0x00000000186be000 nmethod 1519 0x0000000003022350 code [0x00000000030224c0, 0x0000000003022628]

GC Heap History (8 events):
Event: 0.671 GC heap before
{Heap before GC invocations=1 (full 0):
 PSYoungGen      total 38400K, used 33280K [0x00000000e0000000, 0x00000000e2a80000, 0x0000000100000000)
  eden space 33280K, 100% used [0x00000000e0000000,0x00000000e2080000,0x00000000e2080000)
  from space 5120K, 0% used [0x00000000e2580000,0x00000000e2580000,0x00000000e2a80000)
  to   space 5120K, 0% used [0x00000000e2080000,0x00000000e2080000,0x00000000e2580000)
 ParOldGen       total 87552K, used 0K [0x00000000a0000000, 0x00000000a5580000, 0x00000000e0000000)
  object space 87552K, 0% used [0x00000000a0000000,0x00000000a0000000,0x00000000a5580000)
 Metaspace       used 7187K, capacity 7372K, committed 7680K, reserved 1056768K
  class space    used 883K, capacity 968K, committed 1024K, reserved 1048576K
Event: 0.676 GC heap after
Heap after GC invocations=1 (full 0):
 PSYoungGen      total 38400K, used 4425K [0x00000000e0000000, 0x00000000e2a80000, 0x0000000100000000)
  eden space 33280K, 0% used [0x00000000e0000000,0x00000000e0000000,0x00000000e2080000)
  from space 5120K, 86% used [0x00000000e2080000,0x00000000e24d2400,0x00000000e2580000)
  to   space 5120K, 0% used [0x00000000e2580000,0x00000000e2580000,0x00000000e2a80000)
 ParOldGen       total 87552K, used 16K [0x00000000a0000000, 0x00000000a5580000, 0x00000000e0000000)
  object space 87552K, 0% used [0x00000000a0000000,0x00000000a0004000,0x00000000a5580000)
 Metaspace       used 7187K, capacity 7372K, committed 7680K, reserved 1056768K
  class space    used 883K, capacity 968K, committed 1024K, reserved 1048576K
}
Event: 3.373 GC heap before
{Heap before GC invocations=2 (full 0):
 PSYoungGen      total 38400K, used 37705K [0x00000000e0000000, 0x00000000e2a80000, 0x0000000100000000)
  eden space 33280K, 100% used [0x00000000e0000000,0x00000000e2080000,0x00000000e2080000)
  from space 5120K, 86% used [0x00000000e2080000,0x00000000e24d2400,0x00000000e2580000)
  to   space 5120K, 0% used [0x00000000e2580000,0x00000000e2580000,0x00000000e2a80000)
 ParOldGen       total 87552K, used 16K [0x00000000a0000000, 0x00000000a5580000, 0x00000000e0000000)
  object space 87552K, 0% used [0x00000000a0000000,0x00000000a0004000,0x00000000a5580000)
 Metaspace       used 7425K, capacity 7684K, committed 7936K, reserved 1056768K
  class space    used 911K, capacity 1008K, committed 1024K, reserved 1048576K
Event: 3.380 GC heap after
Heap after GC invocations=2 (full 0):
 PSYoungGen      total 38400K, used 3325K [0x00000000e0000000, 0x00000000e2a80000, 0x0000000100000000)
  eden space 33280K, 0% used [0x00000000e0000000,0x00000000e0000000,0x00000000e2080000)
  from space 5120K, 64% used [0x00000000e2580000,0x00000000e28bf780,0x00000000e2a80000)
  to   space 5120K, 0% used [0x00000000e2080000,0x00000000e2080000,0x00000000e2580000)
 ParOldGen       total 87552K, used 24K [0x00000000a0000000, 0x00000000a5580000, 0x00000000e0000000)
  object space 87552K, 0% used [0x00000000a0000000,0x00000000a0006000,0x00000000a5580000)
 Metaspace       used 7425K, capacity 7684K, committed 7936K, reserved 1056768K
  class space    used 911K, capacity 1008K, committed 1024K, reserved 1048576K
}
Event: 11.764 GC heap before
{Heap before GC invocations=3 (full 0):
 PSYoungGen      total 38400K, used 36605K [0x00000000e0000000, 0x00000000e2a80000, 0x0000000100000000)
  eden space 33280K, 100% used [0x00000000e0000000,0x00000000e2080000,0x00000000e2080000)
  from space 5120K, 64% used [0x00000000e2580000,0x00000000e28bf780,0x00000000e2a80000)
  to   space 5120K, 0% used [0x00000000e2080000,0x00000000e2080000,0x00000000e2580000)
 ParOldGen       total 87552K, used 24K [0x00000000a0000000, 0x00000000a5580000, 0x00000000e0000000)
  object space 87552K, 0% used [0x00000000a0000000,0x00000000a0006000,0x00000000a5580000)
 Metaspace       used 12150K, capacity 12420K, committed 12544K, reserved 1060864K
  class space    used 1622K, capacity 1720K, committed 1792K, reserved 1048576K
Event: 11.773 GC heap after
Heap after GC invocations=3 (full 0):
 PSYoungGen      total 38400K, used 5104K [0x00000000e0000000, 0x00000000e2a80000, 0x0000000100000000)
  eden space 33280K, 0% used [0x00000000e0000000,0x00000000e0000000,0x00000000e2080000)
  from space 5120K, 99% used [0x00000000e2080000,0x00000000e257c010,0x00000000e2580000)
  to   space 5120K, 0% used [0x00000000e2580000,0x00000000e2580000,0x00000000e2a80000)
 ParOldGen       total 87552K, used 1321K [0x00000000a0000000, 0x00000000a5580000, 0x00000000e0000000)
  object space 87552K, 1% used [0x00000000a0000000,0x00000000a014a6a0,0x00000000a5580000)
 Metaspace       used 12150K, capacity 12420K, committed 12544K, reserved 1060864K
  class space    used 1622K, capacity 1720K, committed 1792K, reserved 1048576K
}
Event: 13.565 GC heap before
{Heap before GC invocations=4 (full 0):
 PSYoungGen      total 38400K, used 38384K [0x00000000e0000000, 0x00000000e2a80000, 0x0000000100000000)
  eden space 33280K, 100% used [0x00000000e0000000,0x00000000e2080000,0x00000000e2080000)
  from space 5120K, 99% used [0x00000000e2080000,0x00000000e257c010,0x00000000e2580000)
  to   space 5120K, 0% used [0x00000000e2580000,0x00000000e2580000,0x00000000e2a80000)
 ParOldGen       total 87552K, used 1321K [0x00000000a0000000, 0x00000000a5580000, 0x00000000e0000000)
  object space 87552K, 1% used [0x00000000a0000000,0x00000000a014a6a0,0x00000000a5580000)
 Metaspace       used 15332K, capacity 15758K, committed 16128K, reserved 1062912K
  class space    used 2053K, capacity 2209K, committed 2304K, reserved 1048576K
Event: 13.572 GC heap after
Heap after GC invocations=4 (full 0):
 PSYoungGen      total 38400K, used 5119K [0x00000000e0000000, 0x00000000e2a80000, 0x0000000100000000)
  eden space 33280K, 0% used [0x00000000e0000000,0x00000000e0000000,0x00000000e2080000)
  from space 5120K, 99% used [0x00000000e2580000,0x00000000e2a7fc40,0x00000000e2a80000)
  to   space 5120K, 0% used [0x00000000e2080000,0x00000000e2080000,0x00000000e2580000)
 ParOldGen       total 87552K, used 3943K [0x00000000a0000000, 0x00000000a5580000, 0x00000000e0000000)
  object space 87552K, 4% used [0x00000000a0000000,0x00000000a03d9fa8,0x00000000a5580000)
 Metaspace       used 15332K, capacity 15758K, committed 16128K, reserved 1062912K
  class space    used 2053K, capacity 2209K, committed 2304K, reserved 1048576K
}

Deoptimization events (10 events):
Event: 11.210 Thread 0x0000000019f81000 Uncommon trap: reason=unstable_if action=reinterpret pc=0x0000000002ef0c28 method=java.util.concurrent.ConcurrentHashMap.putVal(Ljava/lang/Object;Ljava/lang/Object;Z)Ljava/lang/Object; @ 206
Event: 11.652 Thread 0x000000001a08c000 Uncommon trap: reason=bimorphic action=maybe_recompile pc=0x0000000002dcd320 method=java.util.HashMap.putVal(ILjava/lang/Object;Ljava/lang/Object;ZZ)Ljava/lang/Object; @ 253
Event: 11.652 Thread 0x000000001a08c000 Uncommon trap: reason=bimorphic action=maybe_recompile pc=0x0000000002dcd320 method=java.util.HashMap.putVal(ILjava/lang/Object;Ljava/lang/Object;ZZ)Ljava/lang/Object; @ 253
Event: 11.653 Thread 0x000000001a08c000 Uncommon trap: reason=bimorphic action=maybe_recompile pc=0x0000000002dcd320 method=java.util.HashMap.putVal(ILjava/lang/Object;Ljava/lang/Object;ZZ)Ljava/lang/Object; @ 253
Event: 12.905 Thread 0x000000001a08c000 Uncommon trap: reason=class_check action=maybe_recompile pc=0x0000000002e274d8 method=java.util.regex.Matcher.match(II)Z @ 86
Event: 12.906 Thread 0x000000001a08c000 Uncommon trap: reason=class_check action=maybe_recompile pc=0x0000000002e274d8 method=java.util.regex.Matcher.match(II)Z @ 86
Event: 12.906 Thread 0x000000001a08c000 Uncommon trap: reason=class_check action=maybe_recompile pc=0x0000000002e274d8 method=java.util.regex.Matcher.match(II)Z @ 86
Event: 12.907 Thread 0x000000001a08c000 Uncommon trap: reason=class_check action=maybe_recompile pc=0x0000000002cab21c method=java.util.regex.Matcher.match(II)Z @ 86
Event: 13.799 Thread 0x000000001a08c000 Uncommon trap: reason=unstable_if action=reinterpret pc=0x0000000002e2410c method=java.io.File.getName()Ljava/lang/String; @ 16
Event: 13.799 Thread 0x000000001a08c000 Uncommon trap: reason=unstable_if action=reinterpret pc=0x0000000002e2059c method=java.lang.String.substring(I)Ljava/lang/String; @ 35

Classes redefined (0 events):
No events

Internal exceptions (10 events):
Event: 0.451 Thread 0x00000000029ce800 Exception <a 'java/lang/ArrayIndexOutOfBoundsException'> (0x00000000e1549810) thrown at [C:\src\AOSP-openjdk-git\hotspot\src\share\vm\runtime\sharedRuntime.cpp, line 605]
Event: 0.451 Thread 0x00000000029ce800 Exception <a 'java/lang/ArrayIndexOutOfBoundsException'> (0x00000000e1554b08) thrown at [C:\src\AOSP-openjdk-git\hotspot\src\share\vm\runtime\sharedRuntime.cpp, line 605]
Event: 10.852 Thread 0x00000000029ce800 Exception <a 'java/io/IOException'> (0x00000000e1ac8f20) thrown at [C:\src\AOSP-openjdk-git\hotspot\src\share\vm\prims\jni.cpp, line 710]
Event: 11.248 Thread 0x0000000019f81000 Exception <a 'java/lang/NoSuchMethodError': <clinit>> (0x00000000e1cb4810) thrown at [C:\src\AOSP-openjdk-git\hotspot\src\share\vm\prims\jni.cpp, line 1615]
Event: 11.254 Thread 0x0000000019f81000 Exception <a 'java/lang/NoSuchMethodError': <clinit>> (0x00000000e1cbdf18) thrown at [C:\src\AOSP-openjdk-git\hotspot\src\share\vm\prims\jni.cpp, line 1615]
Event: 11.259 Thread 0x0000000019f81000 Exception <a 'java/lang/NoSuchMethodError': <clinit>> (0x00000000e1cd2840) thrown at [C:\src\AOSP-openjdk-git\hotspot\src\share\vm\prims\jni.cpp, line 1615]
Event: 11.315 Thread 0x0000000019f81000 Exception <a 'java/lang/NoSuchMethodError': <clinit>> (0x00000000e1d2ab88) thrown at [C:\src\AOSP-openjdk-git\hotspot\src\share\vm\prims\jni.cpp, line 1615]
Event: 11.401 Thread 0x0000000019f81000 Exception <a 'java/lang/NoSuchMethodError': <clinit>> (0x00000000e1d626a0) thrown at [C:\src\AOSP-openjdk-git\hotspot\src\share\vm\prims\jni.cpp, line 1615]
Event: 11.417 Thread 0x0000000019f81000 Exception <a 'java/lang/NoSuchMethodError': <clinit>> (0x00000000e1d978c8) thrown at [C:\src\AOSP-openjdk-git\hotspot\src\share\vm\prims\jni.cpp, line 1615]
Event: 11.420 Thread 0x0000000019f81000 Exception <a 'java/lang/NoSuchMethodError': <clinit>> (0x00000000e1da2f80) thrown at [C:\src\AOSP-openjdk-git\hotspot\src\share\vm\prims\jni.cpp, line 1615]

Events (10 events):
Event: 13.801 loading class com/google/common/io/CharSink
Event: 13.801 loading class com/google/common/io/CharSink done
Event: 13.820 loading class com/google/common/io/ByteSink$AsCharSink
Event: 13.820 loading class com/google/common/io/ByteSink$AsCharSink done
Event: 13.821 loading class com/google/common/io/Closer
Event: 13.821 loading class com/google/common/io/Closer done
Event: 13.821 loading class com/google/common/io/Closer$Suppressor
Event: 13.821 loading class com/google/common/io/Closer$Suppressor done
Event: 13.822 loading class com/google/common/io/Closer$SuppressingSuppressor
Event: 13.822 loading class com/google/common/io/Closer$SuppressingSuppressor done


Dynamic libraries:
0x00007ff7573f0000 - 0x00007ff757421000 	C:\Program Files\Android\Android Studio\jre\bin\java.exe
0x00007ffa91240000 - 0x00007ffa91430000 	C:\WINDOWS\SYSTEM32\ntdll.dll
0x00007ffa904b0000 - 0x00007ffa90562000 	C:\WINDOWS\System32\KERNEL32.DLL
0x00007ffa8ec10000 - 0x00007ffa8eeb4000 	C:\WINDOWS\System32\KERNELBASE.dll
0x00007ffa905d0000 - 0x00007ffa90673000 	C:\WINDOWS\System32\ADVAPI32.dll
0x00007ffa8f410000 - 0x00007ffa8f4ae000 	C:\WINDOWS\System32\msvcrt.dll
0x00007ffa8f2f0000 - 0x00007ffa8f387000 	C:\WINDOWS\System32\sechost.dll
0x00007ffa906f0000 - 0x00007ffa90810000 	C:\WINDOWS\System32\RPCRT4.dll
0x00007ffa90860000 - 0x00007ffa909f4000 	C:\WINDOWS\System32\USER32.dll
0x00007ffa8f2a0000 - 0x00007ffa8f2c1000 	C:\WINDOWS\System32\win32u.dll
0x00007ffa8f560000 - 0x00007ffa8f586000 	C:\WINDOWS\System32\GDI32.dll
0x00007ffa8f100000 - 0x00007ffa8f295000 	C:\WINDOWS\System32\gdi32full.dll
0x00007ffa8f060000 - 0x00007ffa8f0fe000 	C:\WINDOWS\System32\msvcp_win.dll
0x00007ffa8ea30000 - 0x00007ffa8eb2a000 	C:\WINDOWS\System32\ucrtbase.dll
0x00007ffa74150000 - 0x00007ffa743d4000 	C:\WINDOWS\WinSxS\amd64_microsoft.windows.common-controls_6595b64144ccf1df_6.0.18362.900_none_e6beb9d913147d17\COMCTL32.dll
0x00007ffa90c20000 - 0x00007ffa90f55000 	C:\WINDOWS\System32\combase.dll
0x00007ffa8e950000 - 0x00007ffa8e9d0000 	C:\WINDOWS\System32\bcryptPrimitives.dll
0x00007ffa90830000 - 0x00007ffa9085e000 	C:\WINDOWS\System32\IMM32.DLL
0x00007ffa70260000 - 0x00007ffa70312000 	C:\Program Files\McAfee\Endpoint Security\Threat Prevention\Ips\EpMPApi.dll
0x00007ffa8e9d0000 - 0x00007ffa8ea2c000 	C:\WINDOWS\System32\WINTRUST.dll
0x00007ffa8e160000 - 0x00007ffa8e172000 	C:\WINDOWS\System32\MSASN1.dll
0x00007ffa8eec0000 - 0x00007ffa8f009000 	C:\WINDOWS\System32\CRYPT32.dll
0x000000006c660000 - 0x000000006c66c000 	C:\Program Files\McAfee\Endpoint Security\Threat Prevention\Ips\EpMPThe.dll
0x00007ffa6c330000 - 0x00007ffa6c36a000 	C:\Program Files\McAfee\Endpoint Security\Threat Prevention\Ips\HIPHandlers64.dll
0x00007ffa90570000 - 0x00007ffa905c2000 	C:\WINDOWS\System32\SHLWAPI.dll
0x000000006b270000 - 0x000000006b342000 	C:\Program Files\Android\Android Studio\jre\jre\bin\msvcr100.dll
0x000000006b500000 - 0x000000006bd4b000 	C:\Program Files\Android\Android Studio\jre\jre\bin\server\jvm.dll
0x00007ffa90f60000 - 0x00007ffa90f68000 	C:\WINDOWS\System32\PSAPI.DLL
0x00007ffa88800000 - 0x00007ffa88824000 	C:\WINDOWS\SYSTEM32\WINMM.dll
0x00007ffa89660000 - 0x00007ffa8966a000 	C:\WINDOWS\SYSTEM32\VERSION.dll
0x00007ffa7a680000 - 0x00007ffa7a689000 	C:\WINDOWS\SYSTEM32\WSOCK32.dll
0x00007ffa90680000 - 0x00007ffa906ef000 	C:\WINDOWS\System32\WS2_32.dll
0x00007ffa88320000 - 0x00007ffa8834d000 	C:\WINDOWS\SYSTEM32\WINMMBASE.dll
0x00007ffa8f010000 - 0x00007ffa8f05a000 	C:\WINDOWS\System32\cfgmgr32.dll
0x00007ffa868a0000 - 0x00007ffa868af000 	C:\Program Files\Android\Android Studio\jre\jre\bin\verify.dll
0x00007ffa76db0000 - 0x00007ffa76dd9000 	C:\Program Files\Android\Android Studio\jre\jre\bin\java.dll
0x00007ffa7ac20000 - 0x00007ffa7ac36000 	C:\Program Files\Android\Android Studio\jre\jre\bin\zip.dll
0x00007ffa8fcf0000 - 0x00007ffa903d6000 	C:\WINDOWS\System32\SHELL32.dll
0x0000000018d80000 - 0x0000000018e29000 	C:\WINDOWS\System32\shcore.dll
0x00007ffa8e1d0000 - 0x00007ffa8e950000 	C:\WINDOWS\System32\windows.storage.dll
0x00007ffa8e130000 - 0x00007ffa8e153000 	C:\WINDOWS\System32\profapi.dll
0x00007ffa8e180000 - 0x00007ffa8e1ca000 	C:\WINDOWS\System32\powrprof.dll
0x00007ffa8e100000 - 0x00007ffa8e110000 	C:\WINDOWS\System32\UMPDC.dll
0x00007ffa8e110000 - 0x00007ffa8e121000 	C:\WINDOWS\System32\kernel.appcore.dll
0x00007ffa8f2d0000 - 0x00007ffa8f2e7000 	C:\WINDOWS\System32\cryptsp.dll
0x00007ffa76d90000 - 0x00007ffa76daa000 	C:\Program Files\Android\Android Studio\jre\jre\bin\net.dll
0x00007ffa8d910000 - 0x00007ffa8d977000 	C:\WINDOWS\system32\mswsock.dll
0x00007ffa72260000 - 0x00007ffa72273000 	C:\Program Files\Android\Android Studio\jre\jre\bin\nio.dll
0x00007ffa5e5d0000 - 0x00007ffa5e5f6000 	C:\Users\osunday\.gradle\native\31\windows-amd64\native-platform.dll
0x00007ffa84a20000 - 0x00007ffa84a2d000 	C:\Program Files\Android\Android Studio\jre\jre\bin\management.dll
0x00007ffa8d480000 - 0x00007ffa8d4b3000 	C:\WINDOWS\system32\rsaenh.dll
0x00007ffa8eb30000 - 0x00007ffa8eb56000 	C:\WINDOWS\System32\bcrypt.dll
0x00007ffa8dff0000 - 0x00007ffa8e015000 	C:\WINDOWS\SYSTEM32\USERENV.dll
0x00007ffa8dae0000 - 0x00007ffa8daec000 	C:\WINDOWS\SYSTEM32\CRYPTBASE.dll
0x00007ffa8d620000 - 0x00007ffa8d65a000 	C:\WINDOWS\SYSTEM32\IPHLPAPI.DLL
0x00007ffa90810000 - 0x00007ffa90818000 	C:\WINDOWS\System32\NSI.dll
0x00007ffa8a930000 - 0x00007ffa8a946000 	C:\WINDOWS\SYSTEM32\dhcpcsvc6.DLL
0x00007ffa8a910000 - 0x00007ffa8a92c000 	C:\WINDOWS\SYSTEM32\dhcpcsvc.DLL
0x00007ffa8d660000 - 0x00007ffa8d72b000 	C:\WINDOWS\SYSTEM32\DNSAPI.dll

VM Arguments:
jvm_args: -Xmx1536m -Dfile.encoding=windows-1252 -Duser.country=US -Duser.language=en -Duser.variant 
java_command: org.gradle.launcher.daemon.bootstrap.GradleDaemon 6.1.1
java_class_path (initial): C:\Users\osunday\.gradle\wrapper\dists\gradle-6.1.1-all\cfmwm155h49vnt3hynmlrsdst\gradle-6.1.1\lib\gradle-launcher-6.1.1.jar
Launcher Type: SUN_STANDARD

Environment Variables:
PATH=C:\Python27\;C:\Python27\Scripts;C:\WINDOWS\system32;C:\WINDOWS;C:\WINDOWS\System32\Wbem;C:\WINDOWS\System32\WindowsPowerShell\v1.0\;C:\Program Files\Java\jdk1.7.0_80\bin\;C:\WINDOWS\System32\OpenSSH\;C:\Program Files\Microsoft SQL Server\Client SDK\ODBC\110\Tools\Binn\;C:\Program Files\Microsoft SQL Server\110\Tools\Binn\;C:\Program Files (x86)\Microsoft SQL Server\Client SDK\ODBC\130\Tools\Binn\;C:\Program Files (x86)\Microsoft SQL Server\140\Tools\Binn\;C:\Program Files (x86)\Microsoft SQL Server\140\DTS\Binn\;C:\Program Files (x86)\Microsoft SQL Server\140\Tools\Binn\ManagementStudio\;C:\Program Files\Git\cmd;C:\wamp64\bin\php\php7.1.9\;C:\ProgramData\ComposerSetup\bin;C:\Program Files\nodejs\;C:\Program Files\MySQL\MySQL Shell 8.0\bin\;C:\Users\osunday\AppData\Local\Programs\Microsoft VS Code\bin;C:\Users\osunday\AppData\Roaming\npm;C:\Program Files\JetBrains\IntelliJ IDEA Community Edition 2019.3.1\bin;
USERNAME=osunday
OS=Windows_NT
PROCESSOR_IDENTIFIER=Intel64 Family 6 Model 142 Stepping 10, GenuineIntel



---------------  S Y S T E M  ---------------

OS: Windows 10.0 , 64 bit Build 18362 (10.0.18362.900)

CPU:total 8 (initial active 8) (4 cores per cpu, 2 threads per core) family 6 model 142 stepping 10, cmov, cx8, fxsr, mmx, sse, sse2, sse3, ssse3, sse4.1, sse4.2, popcnt, avx, avx2, aes, clmul, erms, 3dnowpref, lzcnt, ht, tsc, tscinvbit, bmi1, bmi2, adx

Memory: 4k page, physical 8303524k(581628k free), swap 13546404k(3696k free)

vm_info: OpenJDK 64-Bit Server VM (25.242-b01) for windows-amd64 JRE (1.8.0_242-release-1644-b01), built by "builder" with MS VC++ 10.0 (VS2010)

time: Wed Jul 15 18:32:35 2020
timezone: Coordinated Universal Time
elapsed time: 13 seconds (0d 0h 0m 13s)

